
Gurobi 10.0.2 (linux64, gurobi_cl) logging started Mon May 27 13:30:30 2024

Set parameter LogFile to value "gurobi.log"
Restricted license - for non-production use only - expires 2024-10-28

Gurobi 10.0.2 (linux64, gurobi_cl) logging started Mon May 27 13:30:39 2024

Set parameter LogFile to value "gurobi.log"
Restricted license - for non-production use only - expires 2024-10-28

Gurobi 10.0.2 (linux64, gurobi_cl) logging started Wed May 29 16:06:14 2024

Set parameter LogFile to value "gurobi.log"
Restricted license - for non-production use only - expires 2024-10-28

Gurobi 10.0.2 (linux64, gurobi_cl) logging started Fri May 31 09:14:42 2024

Set parameter LogFile to value "gurobi.log"
Restricted license - for non-production use only - expires 2024-10-28

Gurobi 10.0.2 (linux64, gurobi_cl) logging started Fri May 31 10:30:04 2024

Set parameter LogFile to value "gurobi.log"
Restricted license - for non-production use only - expires 2024-10-28

Gurobi 11.0.2 (linux64, gurobi_cl) logging started Tue Jul  2 17:10:28 2024

Set parameter LogFile to value "gurobi.log"
Using license file /home/pklein/anaconda3/envs/pypsa-rsa/bin/../lib/gurobi.lic
Restricted license - for non-production use only - expires 2025-11-24

Gurobi 11.0.2 (linux64, gurobi_cl) logging started Tue Jul  2 17:10:33 2024

Set parameter LogFile to value "gurobi.log"
Using license file /home/pklein/anaconda3/envs/pypsa-rsa/bin/../lib/gurobi.lic
Restricted license - for non-production use only - expires 2025-11-24

Gurobi 11.0.2 (linux64, gurobi_cl) logging started Thu Jul  4 09:28:43 2024

Set parameter LogFile to value "gurobi.log"
Using license file /home/pklein/anaconda3/envs/pypsa-rsa/bin/../lib/gurobi.lic
Restricted license - for non-production use only - expires 2025-11-24

Gurobi 11.0.2 (linux64, gurobi_cl) logging started Thu Jul  4 10:34:15 2024

Set parameter LogFile to value "gurobi.log"
Using license file /home/pklein/anaconda3/envs/pypsa-rsa/bin/../lib/gurobi.lic
Restricted license - for non-production use only - expires 2025-11-24

Gurobi 11.0.2 (linux64, gurobi_cl) logging started Thu Jul  4 11:23:28 2024

Set parameter LogFile to value "gurobi.log"
Using license file /home/pklein/anaconda3/envs/pypsa-rsa/bin/../lib/gurobi.lic
Restricted license - for non-production use only - expires 2025-11-24

Gurobi 11.0.2 (linux64, gurobi_cl) logging started Thu Jul  4 11:39:17 2024

Set parameter LogFile to value "gurobi.log"
Using license file /home/pklein/anaconda3/envs/pypsa-rsa/bin/../lib/gurobi.lic
Restricted license - for non-production use only - expires 2025-11-24

Gurobi 11.0.2 (linux64, gurobi_cl) logging started Thu Jul  4 11:45:55 2024

Set parameter LogFile to value "gurobi.log"
Using license file /home/pklein/anaconda3/envs/pypsa-rsa/bin/../lib/gurobi.lic
Restricted license - for non-production use only - expires 2025-11-24

Gurobi 10.0.2 (linux64, gurobi_cl) logging started Thu Jul  4 13:04:37 2024

Set parameter LogFile to value "gurobi.log"
Restricted license - for non-production use only - expires 2024-10-28
